  Box.cpp
C:\Users\kaj_v\source\repos\.Klote\Astroids\Box2D\Box.cpp(88,21): warning C4018: '<': signed/unsigned mismatch
C:\Users\kaj_v\source\repos\.Klote\Astroids\Box2D\Box.cpp(119,44): warning C4244: '=': conversion from 'float' to 'int', possible loss of data
  GameLoop.cpp
C:\Users\kaj_v\source\repos\.Klote\Astroids\Box2D\Box.cpp(120,50): warning C4244: '=': conversion from 'float' to 'int', possible loss of data
  Main.cpp
  Ship.cpp
  Generating Code...
C:\Users\kaj_v\source\repos\.Klote\Astroids\Box2D\GameLoop.cpp(34,33): warning C4805: '==': unsafe mix of type 'int' and type 'bool' in operation
Box.obj : error LNK2001: unresolved external symbol "public: virtual class b2Shape * __thiscall b2PolygonShape::Clone(class b2BlockAllocator *)const " (?Clone@b2PolygonShape@@UBEPAVb2Shape@@PAVb2BlockAllocator@@@Z)
Ship.obj : error LNK2001: unresolved external symbol "public: virtual class b2Shape * __thiscall b2PolygonShape::Clone(class b2BlockAllocator *)const " (?Clone@b2PolygonShape@@UBEPAVb2Shape@@PAVb2BlockAllocator@@@Z)
Box.obj : error LNK2001: unresolved external symbol "public: virtual int __thiscall b2PolygonShape::GetChildCount(void)const " (?GetChildCount@b2PolygonShape@@UBEHXZ)
Ship.obj : error LNK2001: unresolved external symbol "public: virtual int __thiscall b2PolygonShape::GetChildCount(void)const " (?GetChildCount@b2PolygonShape@@UBEHXZ)
Box.obj : error LNK2019: unresolved external symbol "public: void __thiscall b2PolygonShape::Set(struct b2Vec2 const *,int)" (?Set@b2PolygonShape@@QAEXPBUb2Vec2@@H@Z) referenced in function "private: void __thiscall Box::CreatePolyGon(int,int)" (?CreatePolyGon@Box@@AAEXHH@Z)
Ship.obj : error LNK2001: unresolved external symbol "public: void __thiscall b2PolygonShape::Set(struct b2Vec2 const *,int)" (?Set@b2PolygonShape@@QAEXPBUb2Vec2@@H@Z)
Box.obj : error LNK2019: unresolved external symbol "public: void __thiscall b2PolygonShape::SetAsBox(float,float)" (?SetAsBox@b2PolygonShape@@QAEXMM@Z) referenced in function "private: void __thiscall Box::CreateBox(int,int)" (?CreateBox@Box@@AAEXHH@Z)
Ship.obj : error LNK2001: unresolved external symbol "public: void __thiscall b2PolygonShape::SetAsBox(float,float)" (?SetAsBox@b2PolygonShape@@QAEXMM@Z)
Box.obj : error LNK2001: unresolved external symbol "public: virtual bool __thiscall b2PolygonShape::TestPoint(struct b2Transform const &,struct b2Vec2 const &)const " (?TestPoint@b2PolygonShape@@UBE_NABUb2Transform@@ABUb2Vec2@@@Z)
Ship.obj : error LNK2001: unresolved external symbol "public: virtual bool __thiscall b2PolygonShape::TestPoint(struct b2Transform const &,struct b2Vec2 const &)const " (?TestPoint@b2PolygonShape@@UBE_NABUb2Transform@@ABUb2Vec2@@@Z)
Box.obj : error LNK2001: unresolved external symbol "public: virtual bool __thiscall b2PolygonShape::RayCast(struct b2RayCastOutput *,struct b2RayCastInput const &,struct b2Transform const &,int)const " (?RayCast@b2PolygonShape@@UBE_NPAUb2RayCastOutput@@ABUb2RayCastInput@@ABUb2Transform@@H@Z)
Ship.obj : error LNK2001: unresolved external symbol "public: virtual bool __thiscall b2PolygonShape::RayCast(struct b2RayCastOutput *,struct b2RayCastInput const &,struct b2Transform const &,int)const " (?RayCast@b2PolygonShape@@UBE_NPAUb2RayCastOutput@@ABUb2RayCastInput@@ABUb2Transform@@H@Z)
Box.obj : error LNK2001: unresolved external symbol "public: virtual void __thiscall b2PolygonShape::ComputeAABB(struct b2AABB *,struct b2Transform const &,int)const " (?ComputeAABB@b2PolygonShape@@UBEXPAUb2AABB@@ABUb2Transform@@H@Z)
Ship.obj : error LNK2001: unresolved external symbol "public: virtual void __thiscall b2PolygonShape::ComputeAABB(struct b2AABB *,struct b2Transform const &,int)const " (?ComputeAABB@b2PolygonShape@@UBEXPAUb2AABB@@ABUb2Transform@@H@Z)
Box.obj : error LNK2001: unresolved external symbol "public: virtual void __thiscall b2PolygonShape::ComputeMass(struct b2MassData *,float)const " (?ComputeMass@b2PolygonShape@@UBEXPAUb2MassData@@M@Z)
Ship.obj : error LNK2001: unresolved external symbol "public: virtual void __thiscall b2PolygonShape::ComputeMass(struct b2MassData *,float)const " (?ComputeMass@b2PolygonShape@@UBEXPAUb2MassData@@M@Z)
Box.obj : error LNK2019: unresolved external symbol "public: class b2Fixture * __thiscall b2Body::CreateFixture(class b2Shape const *,float)" (?CreateFixture@b2Body@@QAEPAVb2Fixture@@PBVb2Shape@@M@Z) referenced in function "private: void __thiscall Box::CreateBox(int,int)" (?CreateBox@Box@@AAEXHH@Z)
Ship.obj : error LNK2001: unresolved external symbol "public: class b2Fixture * __thiscall b2Body::CreateFixture(class b2Shape const *,float)" (?CreateFixture@b2Body@@QAEPAVb2Fixture@@PBVb2Shape@@M@Z)
Box.obj : error LNK2019: unresolved external symbol "public: void __thiscall b2Body::SetTransform(struct b2Vec2 const &,float)" (?SetTransform@b2Body@@QAEXABUb2Vec2@@M@Z) referenced in function "private: virtual void __thiscall Box::OnUpdate(void)" (?OnUpdate@Box@@EAEXXZ)
Ship.obj : error LNK2001: unresolved external symbol "public: void __thiscall b2Body::SetTransform(struct b2Vec2 const &,float)" (?SetTransform@b2Body@@QAEXABUb2Vec2@@M@Z)
Box.obj : error LNK2019: unresolved external symbol "public: __thiscall b2World::b2World(struct b2Vec2 const &)" (??0b2World@@QAE@ABUb2Vec2@@@Z) referenced in function "private: virtual void __thiscall Box::OnCreate(void)" (?OnCreate@Box@@EAEXXZ)
Box.obj : error LNK2019: unresolved external symbol "public: class b2Body * __thiscall b2World::CreateBody(struct b2BodyDef const *)" (?CreateBody@b2World@@QAEPAVb2Body@@PBUb2BodyDef@@@Z) referenced in function "private: void __thiscall Box::CreateBox(int,int)" (?CreateBox@Box@@AAEXHH@Z)
Ship.obj : error LNK2001: unresolved external symbol "public: class b2Body * __thiscall b2World::CreateBody(struct b2BodyDef const *)" (?CreateBody@b2World@@QAEPAVb2Body@@PBUb2BodyDef@@@Z)
Box.obj : error LNK2019: unresolved external symbol "public: void __thiscall b2World::DestroyBody(class b2Body *)" (?DestroyBody@b2World@@QAEXPAVb2Body@@@Z) referenced in function "private: virtual void __thiscall Box::OnUpdate(void)" (?OnUpdate@Box@@EAEXXZ)
Box.obj : error LNK2019: unresolved external symbol "public: void __thiscall b2World::Step(float,int,int)" (?Step@b2World@@QAEXMHH@Z) referenced in function "private: virtual void __thiscall Box::OnUpdate(void)" (?OnUpdate@Box@@EAEXXZ)
GameLoop.obj : error LNK2019: unresolved external symbol _SDL_CreateWindow referenced in function "public: void __thiscall GameLoop::StartLoop(void)" (?StartLoop@GameLoop@@QAEXXZ)
GameLoop.obj : error LNK2019: unresolved external symbol _SDL_GetWindowSurface referenced in function "public: void __thiscall GameLoop::StartLoop(void)" (?StartLoop@GameLoop@@QAEXXZ)
GameLoop.obj : error LNK2019: unresolved external symbol _SDL_UpdateWindowSurface referenced in function "public: void __thiscall GameLoop::StartLoop(void)" (?StartLoop@GameLoop@@QAEXXZ)
GameLoop.obj : error LNK2019: unresolved external symbol _SDL_PollEvent referenced in function "public: void __thiscall GameLoop::StartLoop(void)" (?StartLoop@GameLoop@@QAEXXZ)
GameLoop.obj : error LNK2019: unresolved external symbol _SDL_CreateSoftwareRenderer referenced in function "public: void __thiscall GameLoop::StartLoop(void)" (?StartLoop@GameLoop@@QAEXXZ)
GameLoop.obj : error LNK2019: unresolved external symbol _SDL_SetRenderDrawColor referenced in function "public: void __thiscall GameLoop::StartLoop(void)" (?StartLoop@GameLoop@@QAEXXZ)
GameLoop.obj : error LNK2019: unresolved external symbol _SDL_RenderClear referenced in function "public: void __thiscall GameLoop::StartLoop(void)" (?StartLoop@GameLoop@@QAEXXZ)
GameLoop.obj : error LNK2019: unresolved external symbol _SDL_RenderDrawLine referenced in function "public: void __thiscall GameLoop::DrawShape(struct SDL_Point * const,int)" (?DrawShape@GameLoop@@QAEXQAUSDL_Point@@H@Z)
GameLoop.obj : error LNK2019: unresolved external symbol _SDL_GetTicks referenced in function "public: void __thiscall GameLoop::StartLoop(void)" (?StartLoop@GameLoop@@QAEXXZ)
GameLoop.obj : error LNK2019: unresolved external symbol _SDL_Init referenced in function "public: void __thiscall GameLoop::StartLoop(void)" (?StartLoop@GameLoop@@QAEXXZ)
GameLoop.obj : error LNK2019: unresolved external symbol _SDL_Quit referenced in function "public: void __thiscall GameLoop::StartLoop(void)" (?StartLoop@GameLoop@@QAEXXZ)
MSVCRTD.lib(exe_main.obj) : error LNK2019: unresolved external symbol _main referenced in function "int __cdecl invoke_main(void)" (?invoke_main@@YAHXZ)
C:\Users\kaj_v\source\repos\Astroids-Box2D\Debug\Astroids-Box2D.exe : fatal error LNK1120: 26 unresolved externals
